0 info it worked if it ends with ok
1 verbose cli [
1 verbose cli   'C:\\dev\\nodejs\\node.exe',
1 verbose cli   'C:\\Users\\xc132\\devnvmnpm\\node_modules\\npm\\bin\\npm-cli.js',
1 verbose cli   'run',
1 verbose cli   'serve'
1 verbose cli ]
2 info using npm@6.14.7
3 info using node@v14.7.0
4 verbose run-script [ 'preserve', 'serve', 'postserve' ]
5 info lifecycle gx@0.1.0~preserve: gx@0.1.0
6 info lifecycle gx@0.1.0~serve: gx@0.1.0
7 verbose lifecycle gx@0.1.0~serve: unsafe-perm in lifecycle true
8 verbose lifecycle gx@0.1.0~serve: PATH: C:\Users\xc132\devnvmnpm\node_modules\npm\node_modules\npm-lifecycle\node-gyp-bin;C:\Users\xc132\PHPnow-1.5.5_1\htdocs\vscode\Projects\gx\node_modules\.bin;C:\Program Files\Git\mingw64\bin;C:\Program Files\Git\usr\bin;C:\Users\xc132\bin;C:\ProgramData\Oracle\Java\javapath;C:\Windows\system32;C:\Windows;C:\Windows\System32\Wbem;C:\Windows\System32\WindowsPowerShell\v1.0;C:\Windows\System32\OpenSSH;C:\Program Files (x86)\NVIDIA Corporation\PhysX\Common;C:\Program Files\NVIDIA Corporation\NVIDIA NvDLISR;C:\Program Files\dotnet;C:\Program Files\Microsoft SQL Server\130\Tools\Binn;C:\Program Files\Microsoft SQL Server\Client SDK\ODBC\170\Tools\Binn;D:\apache-tomcat-8.0.50\bin;C:\Program Files\Git\cmd;C:\Users\xc132\AppData\Local\Programs\Python\Python37\Scripts;C:\Users\xc132\AppData\Local\Programs\Python\Python37;C:\Users\xc132\AppData\Local\Microsoft\WindowsApps;C:\Program Files\Java\jdk-12.0.2\bin;C:\Program Files\Java\jdk-12.0.2\jre\bin;E:\pycharm\PyCharm Community Edition 2019.2.1\bin;E:\PHPnow-1.5.5_1\MySQL-5.1.42\bin;C:\dev\nvm;C:\dev\nodejs;C:\Users\xc132\devnvmnpm;C:\Users\xc132\AppData\Local\Programs\Microsoft VS Code\bin;C:\Program Files\MongoDB\Server\4.4\bin;E:\DriverGenius;E:\DriverGenius\ksoft
9 verbose lifecycle gx@0.1.0~serve: CWD: C:\Users\xc132\PHPnow-1.5.5_1\htdocs\vscode\Projects\gx
10 silly lifecycle gx@0.1.0~serve: Args: [ '/d /s /c', 'vue-cli-service serve' ]
11 silly lifecycle gx@0.1.0~serve: Returned: code: 1  signal: null
12 info lifecycle gx@0.1.0~serve: Failed to exec serve script
13 verbose stack Error: gx@0.1.0 serve: `vue-cli-service serve`
13 verbose stack Exit status 1
13 verbose stack     at EventEmitter.<anonymous> (C:\Users\xc132\devnvmnpm\node_modules\npm\node_modules\npm-lifecycle\index.js:332:16)
13 verbose stack     at EventEmitter.emit (events.js:314:20)
13 verbose stack     at ChildProcess.<anonymous> (C:\Users\xc132\devnvmnpm\node_modules\npm\node_modules\npm-lifecycle\lib\spawn.js:55:14)
13 verbose stack     at ChildProcess.emit (events.js:314:20)
13 verbose stack     at maybeClose (internal/child_process.js:1051:16)
13 verbose stack     at Process.ChildProcess._handle.onexit (internal/child_process.js:287:5)
14 verbose pkgid gx@0.1.0
15 verbose cwd C:\Users\xc132\PHPnow-1.5.5_1\htdocs\vscode\Projects\gx
16 verbose Windows_NT 10.0.18363
17 verbose argv "C:\\dev\\nodejs\\node.exe" "C:\\Users\\xc132\\devnvmnpm\\node_modules\\npm\\bin\\npm-cli.js" "run" "serve"
18 verbose node v14.7.0
19 verbose npm  v6.14.7
20 error code ELIFECYCLE
21 error errno 1
22 error gx@0.1.0 serve: `vue-cli-service serve`
22 error Exit status 1
23 error Failed at the gx@0.1.0 serve script.
23 error This is probably not a problem with npm. There is likely additional logging output above.
24 verbose exit [ 1, true ]
